
[2020-03-13 10:40:20] Traceback (most recent call last):
  File "focus_handler.pyx", line 60, in cefpython_py27.FocusHandler_OnGotFocus
  File "D:\Users\82047\Desktop\repo\MayaScript\_QtDemo\web\embed\cef2qt_2.py", line 354, in OnGotFocus
    self.cef_widget.setFocus()
RuntimeError: Internal C++ object (CefWidget) already deleted.


[2020-03-13 10:40:57] Traceback (most recent call last):
  File "focus_handler.pyx", line 60, in cefpython_py27.FocusHandler_OnGotFocus
  File "D:\Users\82047\Desktop\repo\MayaScript\_QtDemo\web\embed\cef2qt_2.py", line 354, in OnGotFocus
    self.cef_widget.setFocus()
RuntimeError: Internal C++ object (CefWidget) already deleted.


[2020-03-13 16:32:44] Traceback (most recent call last):
  File "focus_handler.pyx", line 60, in cefpython_py27.FocusHandler_OnGotFocus
  File "d:\Users\82047\Desktop\repo\MayaScript\_QtDemo\web\embed\cef2qt_official.py", line 354, in OnGotFocus
    self.cef_widget.setFocus()
RuntimeError: Internal C++ object (CefWidget) already deleted.


[2020-03-13 16:33:09] Traceback (most recent call last):
  File "focus_handler.pyx", line 60, in cefpython_py27.FocusHandler_OnGotFocus
  File "d:\Users\82047\Desktop\repo\MayaScript\_QtDemo\web\embed\cef2qt_official.py", line 354, in OnGotFocus
    self.cef_widget.setFocus()
RuntimeError: Internal C++ object (CefWidget) already deleted.

